This is pdfTeX, Version 3.141592653-2.6-1.40.24 (MiKTeX 21.12) (preloaded format=pdflatex 2022.3.10)  29 APR 2022 07:56
entering extended mode
 restricted \write18 enabled.
 %&-line parsing enabled.
**./HHNTemplate.tex
(HHNTemplate.tex
LaTeX2e <2021-11-15> patch level 1
L3 programming layer <2021-11-22>
(C:\Users\mhaag\AppData\Local\Programs\MiKTeX\tex/latex/base\report.cls
Document Class: report 2021/10/04 v1.4n Standard LaTeX document class
(C:\Users\mhaag\AppData\Local\Programs\MiKTeX\tex/latex/base\size11.clo
File: size11.clo 2021/10/04 v1.4n Standard LaTeX file (size option)
)
\c@part=\count183
\c@chapter=\count184
\c@section=\count185
\c@subsection=\count186
\c@subsubsection=\count187
\c@paragraph=\count188
\c@subparagraph=\count189
\c@figure=\count190
\c@table=\count191
\abovecaptionskip=\skip47
\belowcaptionskip=\skip48
\bibindent=\dimen138
)
(C:\Users\mhaag\AppData\Local\Programs\MiKTeX\tex/generic/babel\babel.sty
Package: babel 2021/11/29 3.67 The Babel package
\babel@savecnt=\count192
\U@D=\dimen139
\l@unhyphenated=\language79

(C:\Users\mhaag\AppData\Local\Programs\MiKTeX\tex/generic/babel\txtbabel.def)
\bbl@readstream=\read2
\bbl@dirlevel=\count193

*************************************
* Local config file bblopts.cfg used
*
(C:\Users\mhaag\AppData\Local\Programs\MiKTeX\tex/latex/arabi\bblopts.cfg
File: bblopts.cfg 2005/09/08 v0.1 add Arabic and Farsi to "declared" options of
 babel
)
(C:\Users\mhaag\AppData\Local\Programs\MiKTeX\tex/latex/babel-english\english.l
df
Language: english 2017/06/06 v3.3r English support from the babel system
Package babel Info: Hyphen rules for 'canadian' set to \l@english
(babel)             (\language0). Reported on input line 102.
Package babel Info: Hyphen rules for 'australian' set to \l@ukenglish
(babel)             (\language73). Reported on input line 105.
Package babel Info: Hyphen rules for 'newzealand' set to \l@ukenglish
(babel)             (\language73). Reported on input line 108.
)) (C:\Users\mhaag\AppData\Local\Programs\MiKTeX\tex/latex/base\inputenc.sty
Package: inputenc 2021/02/14 v1.3d Input encoding file
\inpenc@prehook=\toks16
\inpenc@posthook=\toks17
) (C:\Users\mhaag\AppData\Local\Programs\MiKTeX\tex/latex/csquotes\csquotes.sty
Package: csquotes 2021-02-22 v5.2l context-sensitive quotations (JAW)

(C:\Users\mhaag\AppData\Local\Programs\MiKTeX\tex/latex/etoolbox\etoolbox.sty
Package: etoolbox 2020/10/05 v2.5k e-TeX tools for LaTeX (JAW)
\etb@tempcnta=\count194
)
(C:\Users\mhaag\AppData\Local\Programs\MiKTeX\tex/latex/graphics\keyval.sty
Package: keyval 2014/10/28 v1.15 key=value parser (DPC)
\KV@toks@=\toks18
)
\csq@reset=\count195
\csq@gtype=\count196
\csq@glevel=\count197
\csq@qlevel=\count198
\csq@maxlvl=\count199
\csq@tshold=\count266
\csq@ltx@everypar=\toks19

(C:\Users\mhaag\AppData\Local\Programs\MiKTeX\tex/latex/csquotes\csquotes.def
File: csquotes.def 2021-02-22 v5.2l csquotes generic definitions (JAW)
)
Package csquotes Info: Trying to load configuration file 'csquotes.cfg'...
Package csquotes Info: ... configuration file loaded successfully.

(C:\Users\mhaag\AppData\Local\Programs\MiKTeX\tex/latex/csquotes\csquotes.cfg
File: csquotes.cfg 
)
Package csquotes Info: Option 'babel' depreciated.
(csquotes)             Using 'autostyle'.
Package csquotes Info: Enabling multilingual quotes.
) (C:\Users\mhaag\AppData\Local\Programs\MiKTeX\tex/latex/fancyhdr\fancyhdr.sty
Package: fancyhdr 2021/01/28 v4.0.1 Extensive control of page headers and foote
rs
\f@nch@headwidth=\skip49
\f@nch@O@elh=\skip50
\f@nch@O@erh=\skip51
\f@nch@O@olh=\skip52
\f@nch@O@orh=\skip53
\f@nch@O@elf=\skip54
\f@nch@O@erf=\skip55
\f@nch@O@olf=\skip56
\f@nch@O@orf=\skip57
) (C:\Users\mhaag\AppData\Local\Programs\MiKTeX\tex/latex/geometry\geometry.sty
Package: geometry 2020/01/02 v5.9 Page Geometry

(C:\Users\mhaag\AppData\Local\Programs\MiKTeX\tex/generic/iftex\ifvtex.sty
Package: ifvtex 2019/10/25 v1.7 ifvtex legacy package. Use iftex instead.

(C:\Users\mhaag\AppData\Local\Programs\MiKTeX\tex/generic/iftex\iftex.sty
Package: iftex 2020/03/06 v1.0d TeX engine tests
))
\Gm@cnth=\count267
\Gm@cntv=\count268
\c@Gm@tempcnt=\count269
\Gm@bindingoffset=\dimen140
\Gm@wd@mp=\dimen141
\Gm@odd@mp=\dimen142
\Gm@even@mp=\dimen143
\Gm@layoutwidth=\dimen144
\Gm@layoutheight=\dimen145
\Gm@layouthoffset=\dimen146
\Gm@layoutvoffset=\dimen147
\Gm@dimlist=\toks20

(C:\Users\mhaag\AppData\Local\Programs\MiKTeX\tex/latex/geometry\geometry.cfg))
(C:\Users\mhaag\AppData\Local\Programs\MiKTeX\tex/latex/amsmath\amsmath.sty
Package: amsmath 2021/10/15 v2.17l AMS math features
\@mathmargin=\skip58

For additional information on amsmath, use the `?' option.
(C:\Users\mhaag\AppData\Local\Programs\MiKTeX\tex/latex/amsmath\amstext.sty
Package: amstext 2021/08/26 v2.01 AMS text

(C:\Users\mhaag\AppData\Local\Programs\MiKTeX\tex/latex/amsmath\amsgen.sty
File: amsgen.sty 1999/11/30 v2.0 generic functions
\@emptytoks=\toks21
\ex@=\dimen148
))
(C:\Users\mhaag\AppData\Local\Programs\MiKTeX\tex/latex/amsmath\amsbsy.sty
Package: amsbsy 1999/11/29 v1.2d Bold Symbols
\pmbraise@=\dimen149
)
(C:\Users\mhaag\AppData\Local\Programs\MiKTeX\tex/latex/amsmath\amsopn.sty
Package: amsopn 2021/08/26 v2.02 operator names
)
\inf@bad=\count270
LaTeX Info: Redefining \frac on input line 234.
\uproot@=\count271
\leftroot@=\count272
LaTeX Info: Redefining \overline on input line 399.
\classnum@=\count273
\DOTSCASE@=\count274
LaTeX Info: Redefining \ldots on input line 496.
LaTeX Info: Redefining \dots on input line 499.
LaTeX Info: Redefining \cdots on input line 620.
\Mathstrutbox@=\box50
\strutbox@=\box51
\big@size=\dimen150
LaTeX Font Info:    Redeclaring font encoding OML on input line 743.
LaTeX Font Info:    Redeclaring font encoding OMS on input line 744.
\macc@depth=\count275
\c@MaxMatrixCols=\count276
\dotsspace@=\muskip16
\c@parentequation=\count277
\dspbrk@lvl=\count278
\tag@help=\toks22
\row@=\count279
\column@=\count280
\maxfields@=\count281
\andhelp@=\toks23
\eqnshift@=\dimen151
\alignsep@=\dimen152
\tagshift@=\dimen153
\tagwidth@=\dimen154
\totwidth@=\dimen155
\lineht@=\dimen156
\@envbody=\toks24
\multlinegap=\skip59
\multlinetaggap=\skip60
\mathdisplay@stack=\toks25
LaTeX Info: Redefining \[ on input line 2938.
LaTeX Info: Redefining \] on input line 2939.
)
(C:\Users\mhaag\AppData\Local\Programs\MiKTeX\tex/latex/graphics\graphicx.sty
Package: graphicx 2021/09/16 v1.2d Enhanced LaTeX Graphics (DPC,SPQR)

(C:\Users\mhaag\AppData\Local\Programs\MiKTeX\tex/latex/graphics\graphics.sty
Package: graphics 2021/03/04 v1.4d Standard LaTeX Graphics (DPC,SPQR)

(C:\Users\mhaag\AppData\Local\Programs\MiKTeX\tex/latex/graphics\trig.sty
Package: trig 2021/08/11 v1.11 sin cos tan (DPC)
)
(C:\Users\mhaag\AppData\Local\Programs\MiKTeX\tex/latex/graphics-cfg\graphics.c
fg
File: graphics.cfg 2016/06/04 v1.11 sample graphics configuration
)
Package graphics Info: Driver file: pdftex.def on input line 107.

(C:\Users\mhaag\AppData\Local\Programs\MiKTeX\tex/latex/graphics-def\pdftex.def
File: pdftex.def 2020/10/05 v1.2a Graphics/color driver for pdftex
))
\Gin@req@height=\dimen157
\Gin@req@width=\dimen158
) (C:\Users\mhaag\AppData\Local\Programs\MiKTeX\tex/latex/here\here.sty)
(C:\Users\mhaag\AppData\Local\Programs\MiKTeX\tex/latex/float\float.sty
Package: float 2001/11/08 v1.3d Float enhancements (AL)
\c@float@type=\count282
\float@exts=\toks26
\float@box=\box52
\@float@everytoks=\toks27
\@floatcapt=\box53
)
(C:\Users\mhaag\AppData\Local\Programs\MiKTeX\tex/latex/url\url.sty
\Urlmuskip=\muskip17
Package: url 2013/09/16  ver 3.4  Verb mode for urls, etc.
)
(C:\Users\mhaag\AppData\Local\Programs\MiKTeX\tex/latex/hyperref\hyperref.sty
Package: hyperref 2021-06-07 v7.00m Hypertext links for LaTeX

(C:\Users\mhaag\AppData\Local\Programs\MiKTeX\tex/generic/ltxcmds\ltxcmds.sty
Package: ltxcmds 2020-05-10 v1.25 LaTeX kernel commands for general use (HO)
)
(C:\Users\mhaag\AppData\Local\Programs\MiKTeX\tex/generic/pdftexcmds\pdftexcmds
.sty
Package: pdftexcmds 2020-06-27 v0.33 Utility functions of pdfTeX for LuaTeX (HO
)

(C:\Users\mhaag\AppData\Local\Programs\MiKTeX\tex/generic/infwarerr\infwarerr.s
ty
Package: infwarerr 2019/12/03 v1.5 Providing info/warning/error messages (HO)
)
Package pdftexcmds Info: \pdf@primitive is available.
Package pdftexcmds Info: \pdf@ifprimitive is available.
Package pdftexcmds Info: \pdfdraftmode found.
)
(C:\Users\mhaag\AppData\Local\Programs\MiKTeX\tex/generic/kvsetkeys\kvsetkeys.s
ty
Package: kvsetkeys 2019/12/15 v1.18 Key value parser (HO)
)
(C:\Users\mhaag\AppData\Local\Programs\MiKTeX\tex/generic/kvdefinekeys\kvdefine
keys.sty
Package: kvdefinekeys 2019-12-19 v1.6 Define keys (HO)
)
(C:\Users\mhaag\AppData\Local\Programs\MiKTeX\tex/generic/pdfescape\pdfescape.s
ty
Package: pdfescape 2019/12/09 v1.15 Implements pdfTeX's escape features (HO)
) (C:\Users\mhaag\AppData\Local\Programs\MiKTeX\tex/latex/hycolor\hycolor.sty
Package: hycolor 2020-01-27 v1.10 Color options for hyperref/bookmark (HO)
)
(C:\Users\mhaag\AppData\Local\Programs\MiKTeX\tex/latex/letltxmacro\letltxmacro
.sty
Package: letltxmacro 2019/12/03 v1.6 Let assignment for LaTeX macros (HO)
)
(C:\Users\mhaag\AppData\Local\Programs\MiKTeX\tex/latex/auxhook\auxhook.sty
Package: auxhook 2019-12-17 v1.6 Hooks for auxiliary files (HO)
)
(C:\Users\mhaag\AppData\Local\Programs\MiKTeX\tex/latex/kvoptions\kvoptions.sty
Package: kvoptions 2020-10-07 v3.14 Key value format for package options (HO)
)
\@linkdim=\dimen159
\Hy@linkcounter=\count283
\Hy@pagecounter=\count284
 (C:\Users\mhaag\AppData\Local\Programs\MiKTeX\tex/latex/hyperref\pd1enc.def
File: pd1enc.def 2021-06-07 v7.00m Hyperref: PDFDocEncoding definition (HO)
Now handling font encoding PD1 ...
... no UTF-8 mapping file for font encoding PD1
)
(C:\Users\mhaag\AppData\Local\Programs\MiKTeX\tex/latex/hyperref\hyperref-langp
atches.def
File: hyperref-langpatches.def 2021-06-07 v7.00m Hyperref: patches for babel la
nguages
)
(C:\Users\mhaag\AppData\Local\Programs\MiKTeX\tex/generic/intcalc\intcalc.sty
Package: intcalc 2019/12/15 v1.3 Expandable calculations with integers (HO)
)
(C:\Users\mhaag\AppData\Local\Programs\MiKTeX\tex/generic/etexcmds\etexcmds.sty
Package: etexcmds 2019/12/15 v1.7 Avoid name clashes with e-TeX commands (HO)
)
\Hy@SavedSpaceFactor=\count285
 (C:\Users\mhaag\AppData\Local\Programs\MiKTeX\tex/latex/hyperref\puenc.def
File: puenc.def 2021-06-07 v7.00m Hyperref: PDF Unicode definition (HO)
Now handling font encoding PU ...
... no UTF-8 mapping file for font encoding PU
)
Package hyperref Info: Option `colorlinks' set `true' on input line 4073.
Package hyperref Info: Hyper figures OFF on input line 4192.
Package hyperref Info: Link nesting OFF on input line 4197.
Package hyperref Info: Hyper index ON on input line 4200.
Package hyperref Info: Plain pages OFF on input line 4207.
Package hyperref Info: Backreferencing OFF on input line 4212.
Package hyperref Info: Implicit mode ON; LaTeX internals redefined.
Package hyperref Info: Bookmarks ON on input line 4445.
\c@Hy@tempcnt=\count286
LaTeX Info: Redefining \url on input line 4804.
\XeTeXLinkMargin=\dimen160

(C:\Users\mhaag\AppData\Local\Programs\MiKTeX\tex/generic/bitset\bitset.sty
Package: bitset 2019/12/09 v1.3 Handle bit-vector datatype (HO)

(C:\Users\mhaag\AppData\Local\Programs\MiKTeX\tex/generic/bigintcalc\bigintcalc
.sty
Package: bigintcalc 2019/12/15 v1.5 Expandable calculations on big integers (HO
)
))
\Fld@menulength=\count287
\Field@Width=\dimen161
\Fld@charsize=\dimen162
Package hyperref Info: Hyper figures OFF on input line 6076.
Package hyperref Info: Link nesting OFF on input line 6081.
Package hyperref Info: Hyper index ON on input line 6084.
Package hyperref Info: backreferencing OFF on input line 6091.
Package hyperref Info: Link coloring ON on input line 6094.
Package hyperref Info: Link coloring with OCG OFF on input line 6101.
Package hyperref Info: PDF/A mode OFF on input line 6106.
LaTeX Info: Redefining \ref on input line 6146.
LaTeX Info: Redefining \pageref on input line 6150.

(C:\Users\mhaag\AppData\Local\Programs\MiKTeX\tex/latex/base\atbegshi-ltx.sty
Package: atbegshi-ltx 2021/01/10 v1.0c Emulation of the original atbegshi
package with kernel methods
)
\Hy@abspage=\count288
\c@Item=\count289
\c@Hfootnote=\count290
)
Package hyperref Info: Driver (autodetected): hpdftex.
(C:\Users\mhaag\AppData\Local\Programs\MiKTeX\tex/latex/hyperref\hpdftex.def
File: hpdftex.def 2021-06-07 v7.00m Hyperref driver for pdfTeX

(C:\Users\mhaag\AppData\Local\Programs\MiKTeX\tex/latex/base\atveryend-ltx.sty
Package: atveryend-ltx 2020/08/19 v1.0a Emulation of the original atveryend pac
kage
with kernel methods
)
\Fld@listcount=\count291
\c@bookmark@seq@number=\count292

(C:\Users\mhaag\AppData\Local\Programs\MiKTeX\tex/latex/rerunfilecheck\rerunfil
echeck.sty
Package: rerunfilecheck 2019/12/05 v1.9 Rerun checks for auxiliary files (HO)

(C:\Users\mhaag\AppData\Local\Programs\MiKTeX\tex/generic/uniquecounter\uniquec
ounter.sty
Package: uniquecounter 2019/12/15 v1.4 Provide unlimited unique counter (HO)
)
Package uniquecounter Info: New unique counter `rerunfilecheck' on input line 2
86.
)
\Hy@SectionHShift=\skip61
)
(C:\Users\mhaag\AppData\Local\Programs\MiKTeX\tex/latex/graphics\color.sty
Package: color 2021/10/11 v1.3b Standard LaTeX Color (DPC)

(C:\Users\mhaag\AppData\Local\Programs\MiKTeX\tex/latex/graphics-cfg\color.cfg
File: color.cfg 2016/01/02 v1.6 sample color configuration
)
Package color Info: Driver file: pdftex.def on input line 149.
)
(C:\Users\mhaag\AppData\Local\Programs\MiKTeX\tex/latex/blindtext\blindtext.sty
Package: blindtext 2012/01/06 V2.0 blindtext-Package
(C:\Users\mhaag\AppData\Local\Programs\MiKTeX\tex/latex/tools\xspace.sty
Package: xspace 2014/10/28 v1.13 Space after command names (DPC,MH)
)
\c@blindtext=\count293
\c@Blindtext=\count294
\c@blind@countparstart=\count295
\blind@countxx=\count296
\blindtext@numBlindtext=\count297
\blind@countyy=\count298
\c@blindlist=\count299
\c@blindlistlevel=\count300
\c@blindlist@level=\count301
\blind@listitem=\count302
\c@blind@listcount=\count303
\c@blind@levelcount=\count304
\blind@mathformula=\count305
\blind@Mathformula=\count306
\c@blind@randomcount=\count307
\c@blind@randommax=\count308
\c@blind@pangramcount=\count309
\c@blind@pangrammax=\count310
)
(C:\Users\mhaag\AppData\Local\Programs\MiKTeX\tex/latex/tools\afterpage.sty
Package: afterpage 2014/10/28 v1.08 After-Page Package (DPC)
\AP@output=\toks28
\AP@partial=\box54
\AP@footins=\box55
)
(C:\Users\mhaag\AppData\Local\Programs\MiKTeX\tex/latex/titling\titling.sty
Package: titling 2009/09/04 v2.1d maketitle typesetting
\thanksmarkwidth=\skip62
\thanksmargin=\skip63
\droptitle=\skip64
)
(C:\Users\mhaag\AppData\Local\Programs\MiKTeX\tex/latex/titlesec\titlesec.sty
Package: titlesec 2021/07/05 v2.14 Sectioning titles
\ttl@box=\box56
\beforetitleunit=\skip65
\aftertitleunit=\skip66
\ttl@plus=\dimen163
\ttl@minus=\dimen164
\ttl@toksa=\toks29
\titlewidth=\dimen165
\titlewidthlast=\dimen166
\titlewidthfirst=\dimen167
)
(C:\Users\mhaag\AppData\Local\Programs\MiKTeX\tex/latex/natbib\natbib.sty
Package: natbib 2010/09/13 8.31b (PWD, AO)
\bibhang=\skip67
\bibsep=\skip68
LaTeX Info: Redefining \cite on input line 694.
\c@NAT@ctr=\count311
)
Package csquotes Info: Checking for multilingual support...
Package csquotes Info: ... found 'babel' package.

(C:\Users\mhaag\AppData\Local\Programs\MiKTeX\tex/latex/l3backend\l3backend-pdf
tex.def
File: l3backend-pdftex.def 2021-10-18 L3 backend support: PDF output (pdfTeX)
\l__color_backend_stack_int=\count312
\l__pdf_internal_box=\box57
) (HHNTemplate.aux)
\openout1 = `HHNTemplate.aux'.

LaTeX Font Info:    Checking defaults for OML/cmm/m/it on input line 103.
LaTeX Font Info:    ... okay on input line 103.
LaTeX Font Info:    Checking defaults for OMS/cmsy/m/n on input line 103.
LaTeX Font Info:    ... okay on input line 103.
LaTeX Font Info:    Checking defaults for OT1/cmr/m/n on input line 103.
LaTeX Font Info:    ... okay on input line 103.
LaTeX Font Info:    Checking defaults for T1/cmr/m/n on input line 103.
LaTeX Font Info:    ... okay on input line 103.
LaTeX Font Info:    Checking defaults for TS1/cmr/m/n on input line 103.
LaTeX Font Info:    ... okay on input line 103.
LaTeX Font Info:    Checking defaults for OMX/cmex/m/n on input line 103.
LaTeX Font Info:    ... okay on input line 103.
LaTeX Font Info:    Checking defaults for U/cmr/m/n on input line 103.
LaTeX Font Info:    ... okay on input line 103.
LaTeX Font Info:    Checking defaults for PD1/pdf/m/n on input line 103.
LaTeX Font Info:    ... okay on input line 103.
LaTeX Font Info:    Checking defaults for PU/pdf/m/n on input line 103.
LaTeX Font Info:    ... okay on input line 103.

*geometry* driver: auto-detecting
*geometry* detected driver: pdftex
*geometry* verbose mode - [ preamble ] result:
* driver: pdftex
* paper: a4paper
* layout: <same size as paper>
* layoutoffset:(h,v)=(0.0pt,0.0pt)
* modes: includehead includefoot 
* h-part:(L,W,R)=(113.81102pt, 369.88583pt, 113.81102pt)
* v-part:(T,H,B)=(85.35826pt, 674.33032pt, 85.35826pt)
* \paperwidth=597.50787pt
* \paperheight=845.04684pt
* \textwidth=369.88583pt
* \textheight=607.33032pt
* \oddsidemargin=41.54103pt
* \evensidemargin=41.54103pt
* \topmargin=13.08827pt
* \headheight=12.0pt
* \headsep=25.0pt
* \topskip=11.0pt
* \footskip=30.0pt
* \marginparwidth=50.0pt
* \marginparsep=10.0pt
* \columnsep=10.0pt
* \skip\footins=10.0pt plus 4.0pt minus 2.0pt
* \hoffset=0.0pt
* \voffset=0.0pt
* \mag=1000
* \@twocolumnfalse
* \@twosidefalse
* \@mparswitchfalse
* \@reversemarginfalse
* (1in=72.27pt=25.4mm, 1cm=28.453pt)


(C:\Users\mhaag\AppData\Local\Programs\MiKTeX\tex/context/base/mkii\supp-pdf.mk
ii
[Loading MPS to PDF converter (version 2006.09.02).]
\scratchcounter=\count313
\scratchdimen=\dimen168
\scratchbox=\box58
\nofMPsegments=\count314
\nofMParguments=\count315
\everyMPshowfont=\toks30
\MPscratchCnt=\count316
\MPscratchDim=\dimen169
\MPnumerator=\count317
\makeMPintoPDFobject=\count318
\everyMPtoPDFconversion=\toks31
)
(C:\Users\mhaag\AppData\Local\Programs\MiKTeX\tex/latex/epstopdf-pkg\epstopdf-b
ase.sty
Package: epstopdf-base 2020-01-24 v2.11 Base part for package epstopdf

(C:\Users\mhaag\AppData\Local\Programs\MiKTeX\tex/latex/grfext\grfext.sty
Package: grfext 2019/12/03 v1.3 Manage graphics extensions (HO)
)
Package epstopdf-base Info: Redefining graphics rule for `.eps' on input line 4
85.
Package grfext Info: Graphics extension search list:
(grfext)             [.pdf,.png,.jpg,.mps,.jpeg,.jbig2,.jb2,.PDF,.PNG,.JPG,.JPE
G,.JBIG2,.JB2,.eps]
(grfext)             \AppendGraphicsExtensions on input line 504.

(C:\Users\mhaag\AppData\Local\Programs\MiKTeX\tex/latex/00miktex\epstopdf-sys.c
fg
File: epstopdf-sys.cfg 2021/03/18 v2.0 Configuration of epstopdf for MiKTeX
))
Package hyperref Info: Link coloring ON on input line 103.

(C:\Users\mhaag\AppData\Local\Programs\MiKTeX\tex/latex/hyperref\nameref.sty
Package: nameref 2021-04-02 v2.47 Cross-referencing by name of section

(C:\Users\mhaag\AppData\Local\Programs\MiKTeX\tex/latex/refcount\refcount.sty
Package: refcount 2019/12/15 v3.6 Data extraction from label references (HO)
)
(C:\Users\mhaag\AppData\Local\Programs\MiKTeX\tex/generic/gettitlestring\gettit
lestring.sty
Package: gettitlestring 2019/12/15 v1.6 Cleanup title references (HO)
)
\c@section@level=\count319
)
LaTeX Info: Redefining \ref on input line 103.
LaTeX Info: Redefining \pageref on input line 103.
LaTeX Info: Redefining \nameref on input line 103.
 (HHNTemplate.out) (HHNTemplate.out)
\@outlinefile=\write3
\openout3 = `HHNTemplate.out'.

 (chapters/00_TitlePage.tex
<images/PLACEHOLDER.png, id=95, 770.88pt x 429.85594pt>
File: images/PLACEHOLDER.png Graphic file (type png)
<use images/PLACEHOLDER.png>
Package pdftex.def Info: images/PLACEHOLDER.png  used on input line 4.
(pdftex.def)             Requested size: 369.88583pt x 206.24979pt.

[1

{C:/Users/mhaag/AppData/Local/MiKTeX/fonts/map/pdftex/pdftex.map} <./images/PLA
CEHOLDER.png>]
<images/HHNLogo.png, id=107, 149.358pt x 85.5195pt>
File: images/HHNLogo.png Graphic file (type png)
<use images/HHNLogo.png>
Package pdftex.def Info: images/HHNLogo.png  used on input line 33.
(pdftex.def)             Requested size: 221.93375pt x 127.0862pt.
)
pdfTeX warning (ext4): destination with the same identifier (name{page.i}) has 
been already used, duplicate ignored
<to be read again> 
                   \relax 
l.115 \tableofcontents
                       [1 <./images/HHNLogo.png>] (HHNTemplate.toc)
\tf@toc=\write4
\openout4 = `HHNTemplate.toc'.


(chapters/02_Introduction.tex

Package fancyhdr Warning: \headheight is too small (12.0pt): 
(fancyhdr)                Make it at least 38.8842pt, for example:
(fancyhdr)                \setlength{\headheight}{38.8842pt}.
(fancyhdr)                You might also make \topmargin smaller to compensate:

(fancyhdr)                \addtolength{\topmargin}{-26.8842pt}.

[1

]
Chapter 1.
LaTeX Font Info:    Trying to load font information for OMS+cmr on input line 1
.
(C:\Users\mhaag\AppData\Local\Programs\MiKTeX\tex/latex/base\omscmr.fd
File: omscmr.fd 2019/12/16 v2.5j Standard LaTeX font definitions
)
LaTeX Font Info:    Font shape `OMS/cmr/bx/n' in size <24.88> not available
(Font)              Font shape `OMS/cmsy/b/n' tried instead on input line 1.


Package fancyhdr Warning: \headheight is too small (12.0pt): 
(fancyhdr)                Make it at least 38.8842pt, for example:
(fancyhdr)                \setlength{\headheight}{38.8842pt}.
(fancyhdr)                You might also make \topmargin smaller to compensate:

(fancyhdr)                \addtolength{\topmargin}{-26.8842pt}.

[2

]) (chapters/04_Unity.tex
Chapter 2.

Overfull \hbox (3.54007pt too wide) in paragraph at lines 3--6
\OT1/cmr/m/n/10.95 Ohne eine angemessene Sim-u-la-tion-sumge-bung ist das ganze
 Pro-jekt un-denkbar.
 []


Overfull \hbox (15.49368pt too wide) in paragraph at lines 3--6
\OT1/cmr/m/n/10.95 Nicht nur, dass das Train-ing am realen Demon-stra-tor schon
 we-gen des Zeitaufwan-
 []


LaTeX Warning: Reference `untiy_interface' on page 3 undefined on input line 21
.


Package fancyhdr Warning: \headheight is too small (12.0pt): 
(fancyhdr)                Make it at least 38.8842pt, for example:
(fancyhdr)                \setlength{\headheight}{38.8842pt}.
(fancyhdr)                You might also make \topmargin smaller to compensate:

(fancyhdr)                \addtolength{\topmargin}{-26.8842pt}.

[3

]
<images/unity_interface_marked.png, id=153, 1332.47812pt x 819.06pt>
File: images/unity_interface_marked.png Graphic file (type png)
<use images/unity_interface_marked.png>
Package pdftex.def Info: images/unity_interface_marked.png  used on input line 
24.
(pdftex.def)             Requested size: 399.74652pt x 245.7199pt.

Overfull \hbox (29.86069pt too wide) in paragraph at lines 24--26
[][]
 []


Overfull \hbox (11.2507pt too wide) in paragraph at lines 33--35
\OT1/cmr/m/n/10.95 tion-alitaten eines GameOb-jects wer-den durch die Com-po-n
ents hinzugefugt.
 []


Package fancyhdr Warning: \headheight is too small (12.0pt): 
(fancyhdr)                Make it at least 13.59999pt, for example:
(fancyhdr)                \setlength{\headheight}{13.59999pt}.
(fancyhdr)                You might also make \topmargin smaller to compensate:

(fancyhdr)                \addtolength{\topmargin}{-1.59999pt}.

[4 <./images/unity_interface_marked.png>]
Underfull \hbox (badness 10000) in paragraph at lines 52--53

 []

<images/agent_unity.png, id=161, 53.44969pt x 60.225pt>
File: images/agent_unity.png Graphic file (type png)
<use images/agent_unity.png>
Package pdftex.def Info: images/agent_unity.png  used on input line 65.
(pdftex.def)             Requested size: 73.97603pt x 83.3596pt.

Underfull \hbox (badness 10000) in paragraph at lines 66--66
[]\OT1/cmr/m/n/10.95 Figure 2.2:
 []


Underfull \hbox (badness 10000) in paragraph at lines 66--66
[]\OT1/cmr/m/n/10.95 Ansicht des
 []


Underfull \hbox (badness 10000) in paragraph at lines 66--66
\OT1/cmr/m/n/10.95 Agen-ten in
 []


Overfull \hbox (0.65039pt too wide) in paragraph at lines 71--74
\OT1/cmr/m/n/10.95 ior Pa-ram-e-ter Com-po-nente ist, neben De-ci-son Re-queste
r, zur Parametrisierung
 []


Underfull \hbox (badness 10000) in paragraph at lines 71--74

 []


Package fancyhdr Warning: \headheight is too small (12.0pt): 
(fancyhdr)                Make it at least 13.59999pt, for example:
(fancyhdr)                \setlength{\headheight}{13.59999pt}.
(fancyhdr)                You might also make \topmargin smaller to compensate:

(fancyhdr)                \addtolength{\topmargin}{-1.59999pt}.

[5 <./images/agent_unity.png>]
<images/pusher_unity.png, id=169, 88.83188pt x 79.79813pt>
File: images/pusher_unity.png Graphic file (type png)
<use images/pusher_unity.png>
Package pdftex.def Info: images/pusher_unity.png  used on input line 87.
(pdftex.def)             Requested size: 73.97603pt x 66.45523pt.

Underfull \hbox (badness 10000) in paragraph at lines 88--88
[]\OT1/cmr/m/n/10.95 Figure 2.3:
 []


Underfull \hbox (badness 10000) in paragraph at lines 88--88
[]\OT1/cmr/m/n/10.95 Ansicht des
 []


Underfull \hbox (badness 10000) in paragraph at lines 88--88
\OT1/cmr/m/n/10.95 Push-ers in
 []


Underfull \hbox (badness 10000) in paragraph at lines 93--95

 []

<images/puck_unity.png, id=170, 68.50594pt x 63.23625pt>
File: images/puck_unity.png Graphic file (type png)
<use images/puck_unity.png>
Package pdftex.def Info: images/puck_unity.png  used on input line 107.
(pdftex.def)             Requested size: 73.97603pt x 68.29121pt.

Underfull \hbox (badness 10000) in paragraph at lines 108--108
[]\OT1/cmr/m/n/10.95 Figure 2.4:
 []


Underfull \hbox (badness 10000) in paragraph at lines 108--108
[]\OT1/cmr/m/n/10.95 Ansicht des
 []


LaTeX Warning: `h' float specifier changed to `ht'.


Underfull \hbox (badness 10000) in paragraph at lines 112--113

 []


Package fancyhdr Warning: \headheight is too small (12.0pt): 
(fancyhdr)                Make it at least 13.59999pt, for example:
(fancyhdr)                \setlength{\headheight}{13.59999pt}.
(fancyhdr)                You might also make \topmargin smaller to compensate:

(fancyhdr)                \addtolength{\topmargin}{-1.59999pt}.

[6 <./images/pusher_unity.png>]
Underfull \hbox (badness 2088) in paragraph at lines 120--121
\OT1/cmr/m/n/10.95 eine Sprite Ren-derer Com-po-nent, die ein
 []

<images/matchfield.png, id=177, 202.50656pt x 404.26031pt>
File: images/matchfield.png Graphic file (type png)
<use images/matchfield.png>
Package pdftex.def Info: images/matchfield.png  used on input line 125.
(pdftex.def)             Requested size: 73.97603pt x 147.68024pt.

Underfull \hbox (badness 10000) in paragraph at lines 126--126
[]\OT1/cmr/m/n/10.95 Figure 2.5:
 []


Overfull \hbox (31.90453pt too wide) in paragraph at lines 126--126
[]\OT1/cmr/m/n/10.95 Spielfeldbegrenzungen
 []


Underfull \hbox (badness 10000) in paragraph at lines 130--131

 []


Package fancyhdr Warning: \headheight is too small (12.0pt): 
(fancyhdr)                Make it at least 13.59999pt, for example:
(fancyhdr)                \setlength{\headheight}{13.59999pt}.
(fancyhdr)                You might also make \topmargin smaller to compensate:

(fancyhdr)                \addtolength{\topmargin}{-1.59999pt}.

[7 <./images/puck_unity.png> <./images/matchfield.png>])
(chapters/05_rewards_training.tex

Package fancyhdr Warning: \headheight is too small (12.0pt): 
(fancyhdr)                Make it at least 13.59999pt, for example:
(fancyhdr)                \setlength{\headheight}{13.59999pt}.
(fancyhdr)                You might also make \topmargin smaller to compensate:

(fancyhdr)                \addtolength{\topmargin}{-1.59999pt}.

[8]
Chapter 3.

Package fancyhdr Warning: \headheight is too small (12.0pt): 
(fancyhdr)                Make it at least 38.8842pt, for example:
(fancyhdr)                \setlength{\headheight}{38.8842pt}.
(fancyhdr)                You might also make \topmargin smaller to compensate:

(fancyhdr)                \addtolength{\topmargin}{-26.8842pt}.

[9

]

Package fancyhdr Warning: \headheight is too small (12.0pt): 
(fancyhdr)                Make it at least 13.59999pt, for example:
(fancyhdr)                \setlength{\headheight}{13.59999pt}.
(fancyhdr)                You might also make \topmargin smaller to compensate:

(fancyhdr)                \addtolength{\topmargin}{-1.59999pt}.

[10]

Package fancyhdr Warning: \headheight is too small (12.0pt): 
(fancyhdr)                Make it at least 13.59999pt, for example:
(fancyhdr)                \setlength{\headheight}{13.59999pt}.
(fancyhdr)                You might also make \topmargin smaller to compensate:

(fancyhdr)                \addtolength{\topmargin}{-1.59999pt}.

[11]
Underfull \hbox (badness 10000) in paragraph at lines 107--108

 []


Package fancyhdr Warning: \headheight is too small (12.0pt): 
(fancyhdr)                Make it at least 13.59999pt, for example:
(fancyhdr)                \setlength{\headheight}{13.59999pt}.
(fancyhdr)                You might also make \topmargin smaller to compensate:

(fancyhdr)                \addtolength{\topmargin}{-1.59999pt}.

[12]
<images/training_strats.png, id=213, 609.02531pt x 281.55188pt>
File: images/training_strats.png Graphic file (type png)
<use images/training_strats.png>
Package pdftex.def Info: images/training_strats.png  used on input line 114.
(pdftex.def)             Requested size: 365.418pt x 168.93242pt.


Package fancyhdr Warning: \headheight is too small (12.0pt): 
(fancyhdr)                Make it at least 13.59999pt, for example:
(fancyhdr)                \setlength{\headheight}{13.59999pt}.
(fancyhdr)                You might also make \topmargin smaller to compensate:

(fancyhdr)                \addtolength{\topmargin}{-1.59999pt}.

[13 <./images/training_strats.png>]
Overfull \hbox (5.5146pt too wide) in paragraph at lines 134--136
\OT1/cmr/m/n/10.95 Das ML-Agents Toolkit stellt sowohl PPO als auch SAC Agen-te
n zur Verfugung.
 []


Underfull \hbox (badness 10000) in paragraph at lines 134--136

 []


Package fancyhdr Warning: \headheight is too small (12.0pt): 
(fancyhdr)                Make it at least 13.59999pt, for example:
(fancyhdr)                \setlength{\headheight}{13.59999pt}.
(fancyhdr)                You might also make \topmargin smaller to compensate:

(fancyhdr)                \addtolength{\topmargin}{-1.59999pt}.

[14]
Underfull \hbox (badness 10000) in paragraph at lines 151--152

 []


Package fancyhdr Warning: \headheight is too small (12.0pt): 
(fancyhdr)                Make it at least 13.59999pt, for example:
(fancyhdr)                \setlength{\headheight}{13.59999pt}.
(fancyhdr)                You might also make \topmargin smaller to compensate:

(fancyhdr)                \addtolength{\topmargin}{-1.59999pt}.

[15]
Underfull \hbox (badness 10000) in paragraph at lines 154--155

 []

<images/reaching_erg.png, id=228, 886.06032pt x 277.035pt>
File: images/reaching_erg.png Graphic file (type png)
<use images/reaching_erg.png>
Package pdftex.def Info: images/reaching_erg.png  used on input line 156.
(pdftex.def)             Requested size: 369.88583pt x 115.64795pt.
<images/rea2_erg.png, id=229, 554.07pt x 173.14688pt>
File: images/rea2_erg.png Graphic file (type png)
<use images/rea2_erg.png>
Package pdftex.def Info: images/rea2_erg.png  used on input line 163.
(pdftex.def)             Requested size: 369.88583pt x 115.59036pt.

LaTeX Warning: `h' float specifier changed to `ht'.

<images/fullgame_erg.png, id=230, 561.59813pt x 176.15813pt>
File: images/fullgame_erg.png Graphic file (type png)
<use images/fullgame_erg.png>
Package pdftex.def Info: images/fullgame_erg.png  used on input line 171.
(pdftex.def)             Requested size: 369.88583pt x 116.0228pt.

LaTeX Warning: `h' float specifier changed to `ht'.

<images/centered_erg.png, id=231, 559.33969pt x 173.89969pt>
File: images/centered_erg.png Graphic file (type png)
<use images/centered_erg.png>
Package pdftex.def Info: images/centered_erg.png  used on input line 178.
(pdftex.def)             Requested size: 369.88583pt x 115.00233pt.

LaTeX Warning: `h' float specifier changed to `ht'.

<images/centered2_erg.png, id=232, 758.08218pt x 235.63031pt>
File: images/centered2_erg.png Graphic file (type png)
<use images/centered2_erg.png>
Package pdftex.def Info: images/centered2_erg.png  used on input line 185.
(pdftex.def)             Requested size: 369.88583pt x 114.97087pt.

LaTeX Warning: `h' float specifier changed to `ht'.


LaTeX Warning: `h' float specifier changed to `ht'.


LaTeX Warning: `h' float specifier changed to `ht'.

) (chapters/06_real_dem.tex

Package fancyhdr Warning: \headheight is too small (12.0pt): 
(fancyhdr)                Make it at least 13.59999pt, for example:
(fancyhdr)                \setlength{\headheight}{13.59999pt}.
(fancyhdr)                You might also make \topmargin smaller to compensate:

(fancyhdr)                \addtolength{\topmargin}{-1.59999pt}.

[16 <./images/reaching_erg.png>]

Package fancyhdr Warning: \headheight is too small (12.0pt): 
(fancyhdr)                Make it at least 13.59999pt, for example:
(fancyhdr)                \setlength{\headheight}{13.59999pt}.
(fancyhdr)                You might also make \topmargin smaller to compensate:

(fancyhdr)                \addtolength{\topmargin}{-1.59999pt}.

[17 <./images/rea2_erg.png>]

Package fancyhdr Warning: \headheight is too small (12.0pt): 
(fancyhdr)                Make it at least 13.59999pt, for example:
(fancyhdr)                \setlength{\headheight}{13.59999pt}.
(fancyhdr)                You might also make \topmargin smaller to compensate:

(fancyhdr)                \addtolength{\topmargin}{-1.59999pt}.

[18 <./images/fullgame_erg.png> <./images/centered_erg.png>]

Package fancyhdr Warning: \headheight is too small (12.0pt): 
(fancyhdr)                Make it at least 13.59999pt, for example:
(fancyhdr)                \setlength{\headheight}{13.59999pt}.
(fancyhdr)                You might also make \topmargin smaller to compensate:

(fancyhdr)                \addtolength{\topmargin}{-1.59999pt}.

[19 <./images/centered2_erg.png>]

Package fancyhdr Warning: \headheight is too small (12.0pt): 
(fancyhdr)                Make it at least 13.59999pt, for example:
(fancyhdr)                \setlength{\headheight}{13.59999pt}.
(fancyhdr)                You might also make \topmargin smaller to compensate:

(fancyhdr)                \addtolength{\topmargin}{-1.59999pt}.

[20]

Package fancyhdr Warning: \headheight is too small (12.0pt): 
(fancyhdr)                Make it at least 13.59999pt, for example:
(fancyhdr)                \setlength{\headheight}{13.59999pt}.
(fancyhdr)                You might also make \topmargin smaller to compensate:

(fancyhdr)                \addtolength{\topmargin}{-1.59999pt}.

[21]
Chapter 4.

Overfull \hbox (23.87865pt too wide) in paragraph at lines 3--4
\OT1/cmr/m/n/10.95 stra-tor ange-sprochen. Dazu gehoren die Mes-sun-gen von Ma
x-i-malgeschwindigkeiten,
 []

<images/messung_robo_x.png, id=270, 590.95781pt x 173.14688pt>
File: images/messung_robo_x.png Graphic file (type png)
<use images/messung_robo_x.png>
Package pdftex.def Info: images/messung_robo_x.png  used on input line 10.
(pdftex.def)             Requested size: 369.88583pt x 108.37505pt.
<images/messung_robo_v.png, id=271, 782.17218pt x 234.1247pt>
File: images/messung_robo_v.png Graphic file (type png)
<use images/messung_robo_v.png>
Package pdftex.def Info: images/messung_robo_v.png  used on input line 11.
(pdftex.def)             Requested size: 369.88583pt x 110.71738pt.

Overfull \hbox (2.46529pt too wide) in paragraph at lines 8--17
\OT1/cmr/m/n/10.95 Roboter und Puck gemessen. Wahrend die Max-i-malgeschwindig
keit des Robot-
 []

<images/messung_bolzen_x.png, id=273, 595.47469pt x 192.72pt>
File: images/messung_bolzen_x.png Graphic file (type png)
<use images/messung_bolzen_x.png>
Package pdftex.def Info: images/messung_bolzen_x.png  used on input line 19.
(pdftex.def)             Requested size: 369.88583pt x 119.70863pt.
<images/messung_bolzen_v.png, id=274, 587.94656pt x 191.9672pt>
File: images/messung_bolzen_v.png Graphic file (type png)
<use images/messung_bolzen_v.png>
Package pdftex.def Info: images/messung_bolzen_v.png  used on input line 20.
(pdftex.def)             Requested size: 369.88583pt x 120.77007pt.

Package fancyhdr Warning: \headheight is too small (12.0pt): 
(fancyhdr)                Make it at least 38.8842pt, for example:
(fancyhdr)                \setlength{\headheight}{38.8842pt}.
(fancyhdr)                You might also make \topmargin smaller to compensate:

(fancyhdr)                \addtolength{\topmargin}{-26.8842pt}.

[22

]

Package fancyhdr Warning: \headheight is too small (12.0pt): 
(fancyhdr)                Make it at least 13.59999pt, for example:
(fancyhdr)                \setlength{\headheight}{13.59999pt}.
(fancyhdr)                You might also make \topmargin smaller to compensate:

(fancyhdr)                \addtolength{\topmargin}{-1.59999pt}.

[23 <./images/messung_robo_x.png> <./images/messung_robo_v.png>]

Package fancyhdr Warning: \headheight is too small (12.0pt): 
(fancyhdr)                Make it at least 13.59999pt, for example:
(fancyhdr)                \setlength{\headheight}{13.59999pt}.
(fancyhdr)                You might also make \topmargin smaller to compensate:

(fancyhdr)                \addtolength{\topmargin}{-1.59999pt}.

[24 <./images/messung_bolzen_x.png> <./images/messung_bolzen_v.png>]
Underfull \hbox (badness 10000) in paragraph at lines 30--31

 []

<images/gui_pic_marked.png, id=295, 691.83469pt x 572.89032pt>
File: images/gui_pic_marked.png Graphic file (type png)
<use images/gui_pic_marked.png>
Package pdftex.def Info: images/gui_pic_marked.png  used on input line 37.
(pdftex.def)             Requested size: 369.88583pt x 306.2966pt.

Package fancyhdr Warning: \headheight is too small (12.0pt): 
(fancyhdr)                Make it at least 13.59999pt, for example:
(fancyhdr)                \setlength{\headheight}{13.59999pt}.
(fancyhdr)                You might also make \topmargin smaller to compensate:

(fancyhdr)                \addtolength{\topmargin}{-1.59999pt}.

[25 <./images/gui_pic_marked.png>]

Package fancyhdr Warning: \headheight is too small (12.0pt): 
(fancyhdr)                Make it at least 13.59999pt, for example:
(fancyhdr)                \setlength{\headheight}{13.59999pt}.
(fancyhdr)                You might also make \topmargin smaller to compensate:

(fancyhdr)                \addtolength{\topmargin}{-1.59999pt}.

[26]
Overfull \hbox (4.3004pt too wide) in paragraph at lines 66--69
\OT1/cmr/m/n/10.95 In diesem Ab-schnitt wird der Ablauf der einzel-nen pro-gram
mtechis-chen Schritte
 []


Underfull \hbox (badness 10000) in paragraph at lines 66--69

 []


Underfull \hbox (badness 10000) in paragraph at lines 75--76

 []


Underfull \hbox (badness 10000) in paragraph at lines 75--76

 []


Underfull \hbox (badness 10000) in paragraph at lines 77--87

 []


Package fancyhdr Warning: \headheight is too small (12.0pt): 
(fancyhdr)                Make it at least 13.59999pt, for example:
(fancyhdr)                \setlength{\headheight}{13.59999pt}.
(fancyhdr)                You might also make \topmargin smaller to compensate:

(fancyhdr)                \addtolength{\topmargin}{-1.59999pt}.

[27


]
<images/gui_pap.png, id=311, 1107.38719pt x 1902.3572pt>
File: images/gui_pap.png Graphic file (type png)
<use images/gui_pap.png>
Package pdftex.def Info: images/gui_pap.png  used on input line 92.
(pdftex.def)             Requested size: 332.21872pt x 570.71156pt.


LaTeX Warning: `h' float specifier changed to `ht'.


Package fancyhdr Warning: \headheight is too small (12.0pt): 
(fancyhdr)                Make it at least 13.59999pt, for example:
(fancyhdr)                \setlength{\headheight}{13.59999pt}.
(fancyhdr)                You might also make \topmargin smaller to compensate:

(fancyhdr)                \addtolength{\topmargin}{-1.59999pt}.

[28]

Package fancyhdr Warning: \headheight is too small (12.0pt): 
(fancyhdr)                Make it at least 13.59999pt, for example:
(fancyhdr)                \setlength{\headheight}{13.59999pt}.
(fancyhdr)                You might also make \topmargin smaller to compensate:

(fancyhdr)                \addtolength{\topmargin}{-1.59999pt}.

[29 <./images/gui_pap.png>]
Overfull \hbox (0.40718pt too wide) in paragraph at lines 103--106
\OT1/cmr/m/n/10.95 Als markante Punkte haben wir die vier roten Kreise auf dem 
Spielfeld gewahlt.
 []


Underfull \hbox (badness 10000) in paragraph at lines 103--106

 []


Underfull \hbox (badness 1286) in paragraph at lines 111--114
\OT1/cmr/m/n/10.95 im-ple-men-tierten Hough-Cir-cles Funk-
 []


Underfull \hbox (badness 10000) in paragraph at lines 111--114
\OT1/cmr/m/n/10.95 Die Mit-telpunkte wer-den danach
 []


Underfull \hbox (badness 10000) in paragraph at lines 111--114
\OT1/cmr/m/n/10.95 mit vorher fest-gelegten Berichen
 []


Underfull \hbox (badness 1789) in paragraph at lines 111--114
\OT1/cmr/m/n/10.95 abgeglichen. Da die Kam-era fest
 []


Underfull \hbox (badness 1910) in paragraph at lines 111--114
\OT1/cmr/m/n/10.95 ein Kreis links oben, rechts oben,
 []


Underfull \hbox (badness 2452) in paragraph at lines 111--114
\OT1/cmr/m/n/10.95 links un-ten oder rechts un-ten ist.
 []


Underfull \hbox (badness 2662) in paragraph at lines 111--114
\OT1/cmr/m/n/10.95 mungen kann der Mit-telpunkt des
 []

<images/kalibrierung_pap.png, id=325, 487.8225pt x 1195.46625pt>
File: images/kalibrierung_pap.png Graphic file (type png)
<use images/kalibrierung_pap.png>
Package pdftex.def Info: images/kalibrierung_pap.png  used on input line 118.
(pdftex.def)             Requested size: 146.34787pt x 358.64264pt.

Overfull \hbox (35.381pt too wide) in paragraph at lines 118--119
[][] 
 []


Underfull \hbox (badness 10000) in paragraph at lines 119--119
[]\OT1/cmr/m/n/10.95 Figure 4.5:
 []


Underfull \hbox (badness 10000) in paragraph at lines 119--119
[]\OT1/cmr/m/n/10.95 Programmablaufplan
 []


LaTeX Warning: `h' float specifier changed to `ht'.

<images/kalib_bin.png, id=326, 516.42938pt x 308.65312pt>
File: images/kalib_bin.png Graphic file (type png)
<use images/kalib_bin.png>
Package pdftex.def Info: images/kalib_bin.png  used on input line 127.
(pdftex.def)             Requested size: 154.93001pt x 92.59665pt.

Overfull \hbox (6.97794pt too wide) in paragraph at lines 127--128
[][] 
 []

<images/kalib_circ.png, id=327, 506.6428pt x 268.75406pt>
File: images/kalib_circ.png Graphic file (type png)
<use images/kalib_circ.png>
Package pdftex.def Info: images/kalib_circ.png  used on input line 134.
(pdftex.def)             Requested size: 151.994pt x 80.62683pt.

Overfull \hbox (4.04193pt too wide) in paragraph at lines 134--135
[][] 
 []


LaTeX Warning: `h' float specifier changed to `ht'.


Package fancyhdr Warning: \headheight is too small (12.0pt): 
(fancyhdr)                Make it at least 13.59999pt, for example:
(fancyhdr)                \setlength{\headheight}{13.59999pt}.
(fancyhdr)                You might also make \topmargin smaller to compensate:

(fancyhdr)                \addtolength{\topmargin}{-1.59999pt}.

[30

]

Package fancyhdr Warning: \headheight is too small (12.0pt): 
(fancyhdr)                Make it at least 13.59999pt, for example:
(fancyhdr)                \setlength{\headheight}{13.59999pt}.
(fancyhdr)                You might also make \topmargin smaller to compensate:

(fancyhdr)                \addtolength{\topmargin}{-1.59999pt}.

[31 <./images/kalibrierung_pap.png> <./images/kalib_bin.png> <./images/kalib_ci
rc.png>]
Overfull \hbox (29.1255pt too wide) in paragraph at lines 147--148
\OT1/cmr/m/n/10.95 abildern zu beziehen. Die benotigten Daten sind Po-si-tion 
des Pucks, Geschwindigkeit
 []


Underfull \hbox (badness 10000) in paragraph at lines 147--148

 []


Underfull \hbox (badness 10000) in paragraph at lines 153--154
[]\OT1/cmr/m/n/10.95 Grundlage der Bild-ver-
 []


Underfull \hbox (badness 5203) in paragraph at lines 153--154
\OT1/cmr/m/n/10.95 ar-beitung ist auch hier
 []


Underfull \hbox (badness 4291) in paragraph at lines 153--154
\OT1/cmr/m/n/10.95 Raum uberge-gan-gen um
 []


Underfull \hbox (badness 10000) in paragraph at lines 153--154
\OT1/cmr/m/n/10.95 Binarbild ubersichtlicher
 []


Underfull \hbox (badness 2126) in paragraph at lines 153--154
\OT1/cmr/m/n/10.95 weie Flecken auer der
 []


Underfull \hbox (badness 1412) in paragraph at lines 153--154
\OT1/cmr/m/n/10.95 die grote her-aus-ge-sucht.
 []


Underfull \hbox (badness 10000) in paragraph at lines 153--154
\OT1/cmr/m/n/10.95 gesuchte Ob-jekts (Puck
 []


Underfull \hbox (badness 1983) in paragraph at lines 153--154
\OT1/cmr/m/n/10.95 oder Roboter) wird ihre
 []


Underfull \hbox (badness 10000) in paragraph at lines 153--154
\OT1/cmr/m/n/10.95 Funk-tio-nen ver-wen-det.
 []


Underfull \hbox (badness 10000) in paragraph at lines 153--154
\OT1/cmr/m/n/10.95 Im Unity Ko-or-di-naten-
 []


Underfull \hbox (badness 8094) in paragraph at lines 153--154
\OT1/cmr/m/n/10.95 sys-tem sind die Werte
 []


Underfull \hbox (badness 10000) in paragraph at lines 153--154
\OT1/cmr/m/n/10.95 dann geeignet fur den
 []


Underfull \hbox (badness 2293) in paragraph at lines 153--154
\OT1/cmr/m/n/10.95 Agen-ten. Aus der ak-
 []


Underfull \hbox (badness 10000) in paragraph at lines 153--154
\OT1/cmr/m/n/10.95 Po-si-tion und der ver-
 []


Underfull \hbox (badness 1158) in paragraph at lines 153--154
\OT1/cmr/m/n/10.95 noch die Geschwindigkeit
 []

<images/bv_pap.png, id=342, 722.7pt x 1364.84906pt>
File: images/bv_pap.png Graphic file (type png)
<use images/bv_pap.png>
Package pdftex.def Info: images/bv_pap.png  used on input line 159.
(pdftex.def)             Requested size: 216.81166pt x 409.45787pt.

Overfull \hbox (50.36417pt too wide) in paragraph at lines 159--160
[][] 
 []


LaTeX Warning: `h' float specifier changed to `ht'.

<images/bin_puck.png, id=343, 194.22563pt x 405.76593pt>
File: images/bin_puck.png Graphic file (type png)
<use images/bin_puck.png>
Package pdftex.def Info: images/bin_puck.png  used on input line 170.
(pdftex.def)             Requested size: 87.40071pt x 182.59297pt.
<images/bin_robo.png, id=344, 204.01219pt x 402.00188pt>
File: images/bin_robo.png Graphic file (type png)
<use images/bin_robo.png>
Package pdftex.def Info: images/bin_robo.png  used on input line 175.
(pdftex.def)             Requested size: 91.80463pt x 180.89917pt.
<images/detect.png, id=345, 203.25937pt x 408.02437pt>
File: images/detect.png Graphic file (type png)
<use images/detect.png>
Package pdftex.def Info: images/detect.png  used on input line 180.
(pdftex.def)             Requested size: 91.46587pt x 183.60927pt.

LaTeX Warning: `h' float specifier changed to `ht'.


Package fancyhdr Warning: \headheight is too small (12.0pt): 
(fancyhdr)                Make it at least 13.59999pt, for example:
(fancyhdr)                \setlength{\headheight}{13.59999pt}.
(fancyhdr)                You might also make \topmargin smaller to compensate:

(fancyhdr)                \addtolength{\topmargin}{-1.59999pt}.

[32

]

Package fancyhdr Warning: \headheight is too small (12.0pt): 
(fancyhdr)                Make it at least 13.59999pt, for example:
(fancyhdr)                \setlength{\headheight}{13.59999pt}.
(fancyhdr)                You might also make \topmargin smaller to compensate:

(fancyhdr)                \addtolength{\topmargin}{-1.59999pt}.

[33 <./images/bv_pap.png>]

Package fancyhdr Warning: \headheight is too small (12.0pt): 
(fancyhdr)                Make it at least 13.59999pt, for example:
(fancyhdr)                \setlength{\headheight}{13.59999pt}.
(fancyhdr)                You might also make \topmargin smaller to compensate:

(fancyhdr)                \addtolength{\topmargin}{-1.59999pt}.

[34 <./images/bin_puck.png> <./images/bin_robo.png> <./images/detect.png>])
(HHNTemplate.bbl

Package fancyhdr Warning: \headheight is too small (12.0pt): 
(fancyhdr)                Make it at least 13.59999pt, for example:
(fancyhdr)                \setlength{\headheight}{13.59999pt}.
(fancyhdr)                You might also make \topmargin smaller to compensate:

(fancyhdr)                \addtolength{\topmargin}{-1.59999pt}.

[35

])

Package fancyhdr Warning: \headheight is too small (12.0pt): 
(fancyhdr)                Make it at least 38.8842pt, for example:
(fancyhdr)                \setlength{\headheight}{38.8842pt}.
(fancyhdr)                You might also make \topmargin smaller to compensate:

(fancyhdr)                \addtolength{\topmargin}{-26.8842pt}.

[36

] (HHNTemplate.aux)

LaTeX Warning: There were undefined references.


LaTeX Warning: Label(s) may have changed. Rerun to get cross-references right.


Package rerunfilecheck Warning: File `HHNTemplate.out' has changed.
(rerunfilecheck)                Rerun to get outlines right
(rerunfilecheck)                or use package `bookmark'.

Package rerunfilecheck Info: Checksums for `HHNTemplate.out':
(rerunfilecheck)             Before: 5482FBDA7443C09FD8F71779DB0CAEA5;3653
(rerunfilecheck)             After:  F2CD10AE260E2756B51C76FF89FC4D07;3778.
 ) 
Here is how much of TeX's memory you used:
 13018 strings out of 478659
 211785 string characters out of 2845920
 555516 words of memory out of 3000000
 30804 multiletter control sequences out of 15000+600000
 411765 words of font info for 55 fonts, out of 8000000 for 9000
 1141 hyphenation exceptions out of 8191
 60i,11n,63p,1843b,513s stack positions out of 5000i,500n,10000p,200000b,80000s
 <C:\Users\mhaag\AppData\Local\MiKTeX\fonts/pk/ljfour/jknappen/ec/dpi600\tcrm
1095.pk><C:/Users/mhaag/AppData/Local/Programs/MiKTeX/fonts/type1/public/amsfon
ts/cm/cmbsy10.pfb><C:/Users/mhaag/AppData/Local/Programs/MiKTeX/fonts/type1/pub
lic/amsfonts/cm/cmbx10.pfb><C:/Users/mhaag/AppData/Local/Programs/MiKTeX/fonts/
type1/public/amsfonts/cm/cmbx12.pfb><C:/Users/mhaag/AppData/Local/Programs/MiKT
eX/fonts/type1/public/amsfonts/cm/cmcsc10.pfb><C:/Users/mhaag/AppData/Local/Pro
grams/MiKTeX/fonts/type1/public/amsfonts/cm/cmr10.pfb><C:/Users/mhaag/AppData/L
ocal/Programs/MiKTeX/fonts/type1/public/amsfonts/cm/cmr12.pfb><C:/Users/mhaag/A
ppData/Local/Programs/MiKTeX/fonts/type1/public/amsfonts/cm/cmti10.pfb><C:/User
s/mhaag/AppData/Local/Programs/MiKTeX/fonts/type1/public/amsfonts/cm/cmti12.pfb
>
Output written on HHNTemplate.pdf (38 pages, 2926204 bytes).
PDF statistics:
 438 PDF objects out of 1000 (max. 8388607)
 87 named destinations out of 1000 (max. 500000)
 315 words of extra memory for PDF output out of 10000 (max. 10000000)

