\BOOKMARK [0][-]{chapter.1}{\376\377\000E\000i\000n\000l\000e\000i\000t\000u\000n\000g}{}% 1
\BOOKMARK [1][-]{section.1.1}{\376\377\000A\000u\000s\000g\000a\000n\000g\000s\000s\000i\000t\000u\000a\000t\000i\000o\000n}{chapter.1}% 2
\BOOKMARK [0][-]{chapter.2}{\376\377\000S\000i\000m\000u\000l\000a\000t\000i\000o\000n\000s\000u\000m\000g\000e\000b\000u\000n\000g}{}% 3
\BOOKMARK [1][-]{section.2.1}{\376\377\000A\000u\000s\000w\000a\000h\000l\000\040\000d\000e\000r\000\040\000U\000m\000g\000e\000b\000u\000n\000g}{chapter.2}% 4
\BOOKMARK [1][-]{section.2.2}{\376\377\000U\000n\000i\000t\000y}{chapter.2}% 5
\BOOKMARK [2][-]{subsection.2.2.1}{\376\377\000K\000u\000r\000z\000e\000\040\000E\000i\000n\000f\000\374\000h\000r\000u\000n\000g}{section.2.2}% 6
\BOOKMARK [2][-]{subsection.2.2.2}{\376\377\000A\000i\000r\000h\000o\000c\000k\000e\000y\000\040\000P\000r\000o\000j\000e\000k\000t}{section.2.2}% 7
\BOOKMARK [0][-]{chapter.3}{\376\377\000R\000e\000w\000a\000r\000d\000s\000\040\000u\000n\000d\000\040\000T\000r\000a\000i\000n\000i\000n\000g}{}% 8
\BOOKMARK [1][-]{section.3.1}{\376\377\000R\000e\000w\000a\000r\000d\000s\000\040\000u\000n\000d\000\040\000U\000m\000g\000e\000b\000u\000n\000g\000s\000p\000a\000r\000a\000m\000e\000t\000e\000r}{chapter.3}% 9
\BOOKMARK [1][-]{section.3.2}{\376\377\000S\000p\000i\000e\000l\000m\000o\000d\000i}{chapter.3}% 10
\BOOKMARK [1][-]{section.3.3}{\376\377\000T\000r\000a\000i\000n\000i\000n\000g\000s\000s\000t\000r\000a\000t\000e\000g\000i\000e\000\040\000u\000n\000d\000\040\000Z\000w\000i\000s\000c\000h\000e\000n\000e\000r\000g\000e\000b\000n\000i\000s\000s\000e}{chapter.3}% 11
\BOOKMARK [2][-]{subsection.3.3.1}{\376\377\000S\000t\000u\000f\000e\000n\000p\000l\000a\000n}{section.3.3}% 12
\BOOKMARK [2][-]{subsection.3.3.2}{\376\377\000N\000e\000t\000z\000w\000e\000r\000k\000a\000u\000s\000w\000a\000h\000l\000\040\000u\000n\000d\000\040\000Z\000w\000i\000s\000c\000h\000e\000n\000e\000r\000g\000e\000b\000n\000i\000s\000s\000e}{section.3.3}% 13
\BOOKMARK [1][-]{section.3.4}{\376\377\000T\000r\000a\000i\000n\000i\000n\000g\000s\000v\000e\000r\000l\000a\000u\000f\000\040\000u\000n\000d\000\040\000E\000r\000g\000e\000b\000n\000i\000s}{chapter.3}% 14
\BOOKMARK [2][-]{subsection.3.4.1}{\376\377\000G\000e\000g\000n\000e\000r\000w\000a\000h\000l}{section.3.4}% 15
\BOOKMARK [2][-]{subsection.3.4.2}{\376\377\000Q\000u\000a\000l\000i\000t\000\344\000t\000s\000k\000r\000i\000t\000e\000r\000i\000e\000n}{section.3.4}% 16
\BOOKMARK [0][-]{chapter.4}{\376\377\000R\000e\000a\000l\000e\000r\000\040\000D\000e\000m\000o\000n\000s\000t\000r\000a\000t\000o\000r}{}% 17
\BOOKMARK [1][-]{section.4.1}{\376\377\000G\000e\000s\000c\000h\000w\000i\000n\000d\000i\000g\000k\000e\000i\000t\000s\000m\000e\000s\000s\000u\000n\000g\000e\000n}{chapter.4}% 18
\BOOKMARK [1][-]{section.4.2}{\376\377\000B\000e\000n\000u\000t\000z\000e\000r\000o\000b\000e\000r\000f\000l\000\344\000c\000h\000e}{chapter.4}% 19
\BOOKMARK [2][-]{subsection.4.2.1}{\376\377\000A\000n\000s\000i\000c\000h\000t\000\040\000d\000e\000r\000\040\000O\000b\000e\000r\000f\000l\000\344\000c\000h\000e}{section.4.2}% 20
\BOOKMARK [2][-]{subsection.4.2.2}{\376\377\000P\000r\000o\000g\000r\000a\000m\000m\000a\000b\000l\000a\000u\000f\000\040\000d\000e\000r\000\040\000G\000U\000I\000-\000A\000n\000w\000e\000n\000d\000u\000n\000g}{section.4.2}% 21
\BOOKMARK [1][-]{section.4.3}{\376\377\000K\000a\000l\000i\000b\000r\000i\000e\000r\000u\000n\000g}{chapter.4}% 22
\BOOKMARK [1][-]{section.4.4}{\376\377\000P\000u\000c\000k\000\040\000u\000n\000d\000\040\000R\000o\000b\000o\000t\000e\000r\000e\000r\000k\000e\000n\000n\000u\000n\000g}{chapter.4}% 23
\BOOKMARK [1][-]{section.4.5}{\376\377\000S\000p\000i\000e\000l\000v\000e\000r\000h\000a\000l\000t\000e\000n}{chapter.4}% 24
\BOOKMARK [0][-]{chapter.5}{\376\377\000F\000a\000z\000i\000t}{}% 25
